2020-11-04 19:32:23,328 INFO t.ViewUpcomingEvents [main] Открыта страница events.epam.com
2020-11-07 20:12:56,942 INFO t.ViewUpcomingEvents [main] Открыта страница events.epam.com
2020-11-21 16:37:18,142 INFO t.ViewUpcomingEvents [main] Открыта страница events.epam.com
2020-11-21 17:28:35,135 INFO t.ViewUpcomingEvents [main] Открыта страница events.epam.com
2020-11-21 17:30:18,404 INFO t.ViewUpcomingEvents [main] Открыта страница events.epam.com
2020-11-21 17:32:11,951 INFO t.ViewUpcomingEvents [main] Открыта страница events.epam.com
2020-11-21 17:34:40,167 INFO t.ViewUpcomingEvents [main] Открыта страница events.epam.com
2020-11-21 17:34:41,192 INFO t.ViewUpcomingEvents [main] Переход на вкладку Events https://events.epam.com/events
2020-11-21 17:39:25,514 INFO t.ViewUpcomingEvents [main] Открыта страница events.epam.com
2020-11-21 17:39:26,759 INFO t.ViewUpcomingEvents [main] Переход на вкладку Events https://events.epam.com/events
2020-11-21 17:41:59,161 INFO t.ViewUpcomingEvents [main] Открыта страница events.epam.com
2020-11-21 17:42:00,926 INFO t.ViewUpcomingEvents [main] Переход на вкладку Events https://events.epam.com/events
2020-11-21 22:32:10,259 INFO t.ViewUpcomingEvents [main] Открыта страница events.epam.com
2020-11-21 22:32:14,459 INFO t.ViewUpcomingEvents [main] Переход на вкладку Events https://events.epam.com/events
2020-11-21 22:33:23,799 INFO t.ViewUpcomingEvents [main] Открыта страница events.epam.com
2020-11-21 22:33:25,931 INFO t.ViewUpcomingEvents [main] Переход на вкладку Events https://events.epam.com/events
2020-11-22 17:23:36,633 INFO t.ViewUpcomingEvents [main] Открыта страница events.epam.com
2020-11-22 17:23:37,721 INFO t.ViewUpcomingEvents [main] Переход на вкладку Events https://events.epam.com/events
2020-11-22 19:48:05,195 INFO t.ViewUpcomingEvents [main] Открыта страница events.epam.com
2020-11-22 19:48:06,597 INFO t.ViewUpcomingEvents [main] Переход на вкладку Events https://events.epam.com/events
2020-11-22 19:51:13,727 INFO t.ViewUpcomingEvents [main] Открыта страница events.epam.com
2020-11-22 19:51:14,708 INFO t.ViewUpcomingEvents [main] Переход на вкладку Events https://events.epam.com/events
2020-11-22 20:33:07,749 INFO t.ViewUpcomingEvents [main] Открыта страница events.epam.com
2020-11-22 20:41:11,463 INFO t.ViewUpcomingEvents [main] Открыта страница events.epam.com
2020-11-23 21:52:11,302 INFO t.ViewUpcomingEvents [main] Открыта страница events.epam.com
2020-11-23 21:52:12,687 INFO t.ViewUpcomingEvents [main] Переход на вкладку Events https://events.epam.com/events
2020-11-23 21:53:50,276 INFO t.ViewUpcomingEvents [main] Открыта страница events.epam.com
2020-11-23 21:53:52,218 INFO t.ViewUpcomingEvents [main] Переход на вкладку Events https://events.epam.com/events
2020-11-23 21:54:58,637 INFO t.ViewUpcomingEvents [main] Открыта страница events.epam.com
2020-11-23 21:55:02,652 INFO t.ViewUpcomingEvents [main] Переход на вкладку Events https://events.epam.com/events
2020-11-23 21:56:14,297 INFO t.ViewUpcomingEvents [main] Открыта страница events.epam.com
2020-11-23 21:56:17,734 INFO t.ViewUpcomingEvents [main] Переход на вкладку Events https://events.epam.com/events
2020-11-23 21:57:16,116 INFO t.ViewUpcomingEvents [main] Открыта страница events.epam.com
2020-11-23 21:57:20,439 INFO t.ViewUpcomingEvents [main] Переход на вкладку Events https://events.epam.com/events
2020-11-23 21:58:52,192 INFO t.ViewUpcomingEvents [main] Открыта страница events.epam.com
2020-11-23 21:58:55,486 INFO t.ViewUpcomingEvents [main] Переход на вкладку Events https://events.epam.com/events
2020-11-23 22:00:23,172 INFO t.ViewUpcomingEvents [main] Открыта страница events.epam.com
2020-11-23 22:01:38,735 INFO t.ViewUpcomingEvents [main] Открыта страница events.epam.com
2020-11-23 22:05:09,008 INFO t.ViewUpcomingEvents [main] Открыта страница events.epam.com
2020-11-23 22:08:52,275 INFO t.ViewUpcomingEvents [main] Открыта страница events.epam.com
2020-11-23 22:10:18,206 INFO t.ViewUpcomingEvents [main] Открыта страница events.epam.com
2020-11-23 22:18:27,485 INFO t.ViewUpcomingEvents [main] Открыта страница events.epam.com
2020-11-23 22:42:31,252 INFO t.ViewUpcomingEvents [main] Открыта страница events.epam.com
2020-11-23 22:43:52,923 INFO t.ViewUpcomingEvents [main] Открыта страница events.epam.com
2020-11-23 22:45:41,327 INFO t.ViewUpcomingEvents [main] Открыта страница events.epam.com
2020-11-23 22:48:18,937 INFO t.ViewUpcomingEvents [main] Открыта страница events.epam.com
2020-11-23 22:49:58,725 INFO t.ViewUpcomingEvents [main] Открыта страница events.epam.com
2020-11-24 21:58:40,280 INFO t.ViewUpcomingEvents [main] Открыта страница events.epam.com
2020-11-24 21:58:42,004 INFO t.ViewUpcomingEvents [main] Переход на вкладку Events https://events.epam.com/events
2020-11-24 21:59:02,325 INFO t.ViewUpcomingEvents [main] Открыта страница events.epam.com
2020-11-24 21:59:03,484 INFO t.ViewUpcomingEvents [main] Переход на вкладку Events https://events.epam.com/events
2020-11-24 21:59:21,832 INFO t.ViewUpcomingEvents [main] Открыта страница events.epam.com
2020-11-24 21:59:23,269 INFO t.ViewUpcomingEvents [main] Переход на вкладку Events https://events.epam.com/events
2020-11-24 21:59:45,021 INFO t.ViewUpcomingEvents [main] Открыта страница events.epam.com
2020-11-24 21:59:46,054 INFO t.ViewUpcomingEvents [main] Переход на вкладку Events https://events.epam.com/events
2020-11-24 22:00:06,455 INFO t.ViewUpcomingEvents [main] Открыта страница events.epam.com
2020-11-24 22:00:55,987 INFO t.ViewUpcomingEvents [main] Открыта страница events.epam.com
2020-11-24 22:01:37,813 INFO t.ViewUpcomingEvents [main] Открыта страница events.epam.com
2020-11-24 22:03:53,775 INFO t.ViewUpcomingEvents [main] Открыта страница events.epam.com
2020-11-24 22:11:02,283 INFO t.ViewUpcomingEvents [main] Открыта страница events.epam.com
2020-11-24 22:13:00,896 INFO t.ViewUpcomingEvents [main] Открыта страница events.epam.com
2020-11-25 17:18:27,721 INFO t.ViewUpcomingEvents [main] Открыта страница events.epam.com
2020-11-25 17:18:29,139 INFO t.ViewUpcomingEvents [main] Переход на вкладку Events https://events.epam.com/events
2020-11-25 18:42:39,825 INFO t.ViewUpcomingEventsTest [main] Открыта страница events.epam.com
2020-11-25 18:42:41,617 INFO t.ViewUpcomingEventsTest [main] Переход на вкладку Events https://events.epam.com/events
2020-11-25 18:44:29,761 INFO t.ViewUpcomingEventsTest [main] Открыта страница events.epam.com
2020-11-25 18:44:34,697 INFO t.ViewUpcomingEventsTest [main] Переход на вкладку Events https://events.epam.com/events
2020-11-25 18:44:40,018 INFO t.ViewUpcomingEventsTest [main] Открыта страница events.epam.com
2020-11-25 18:44:44,051 INFO t.ViewUpcomingEventsTest [main] Переход на вкладку Events https://events.epam.com/events
2020-11-25 18:44:52,507 INFO t.ViewUpcomingEventsTest [main] Открыта страница events.epam.com
2020-11-25 18:44:54,815 INFO t.ViewUpcomingEventsTest [main] Переход на вкладку Events https://events.epam.com/events
2020-11-25 18:45:03,503 INFO t.ViewUpcomingEventsTest [main] Открыта страница events.epam.com
2020-11-25 18:45:09,070 INFO t.ViewUpcomingEventsTest [main] Переход на вкладку Events https://events.epam.com/events
2020-11-25 18:45:17,878 INFO t.ViewUpcomingEventsTest [main] Открыта страница events.epam.com
2020-11-25 18:45:47,784 INFO t.ViewUpcomingEventsTest [main] Открыта страница events.epam.com
2020-11-25 18:46:56,615 INFO t.ViewUpcomingEventsTest [main] Открыта страница events.epam.com
2020-11-25 18:46:58,653 INFO t.ViewUpcomingEventsTest [main] Переход на вкладку Events https://events.epam.com/events
2020-11-25 18:47:14,169 INFO t.ViewUpcomingEventsTest [main] Открыта страница events.epam.com
2020-11-25 18:47:16,548 INFO t.ViewUpcomingEventsTest [main] Переход на вкладку Events https://events.epam.com/events
2020-11-25 18:47:49,302 INFO t.ViewUpcomingEventsTest [main] Открыта страница events.epam.com
2020-11-25 18:48:05,544 INFO t.ViewUpcomingEventsTest [main] Переход на вкладку Events https://events.epam.com/events
2020-11-25 18:48:27,636 INFO t.ViewUpcomingEventsTest [main] Открыта страница events.epam.com
2020-11-25 18:48:41,450 INFO t.ViewUpcomingEventsTest [main] Открыта страница events.epam.com
2020-11-25 18:49:18,875 INFO t.ViewUpcomingEventsTest [main] Открыта страница events.epam.com
2020-11-25 18:51:06,999 INFO t.ViewUpcomingEventsTest [ForkJoinPool-1-worker-3] Открыта страница events.epam.com
2020-11-25 18:51:08,860 INFO t.ViewUpcomingEventsTest [ForkJoinPool-1-worker-3] Переход на вкладку Events https://events.epam.com/events
2020-11-25 18:51:21,054 INFO t.ViewUpcomingEventsTest [ForkJoinPool-1-worker-3] Открыта страница events.epam.com
2020-11-25 18:51:24,783 INFO t.ViewUpcomingEventsTest [ForkJoinPool-1-worker-3] Переход на вкладку Events https://events.epam.com/events
2020-11-25 18:51:38,255 INFO t.ViewUpcomingEventsTest [ForkJoinPool-1-worker-3] Открыта страница events.epam.com
2020-11-25 18:51:40,426 INFO t.ViewUpcomingEventsTest [ForkJoinPool-1-worker-3] Переход на вкладку Events https://events.epam.com/events
2020-11-25 18:51:56,070 INFO t.ViewUpcomingEventsTest [ForkJoinPool-1-worker-3] Открыта страница events.epam.com
2020-11-25 18:51:58,799 INFO t.ViewUpcomingEventsTest [ForkJoinPool-1-worker-3] Переход на вкладку Events https://events.epam.com/events
2020-11-25 18:52:16,456 INFO t.ViewUpcomingEventsTest [ForkJoinPool-1-worker-3] Открыта страница events.epam.com
2020-11-25 18:52:30,365 INFO t.ViewUpcomingEventsTest [ForkJoinPool-1-worker-3] Открыта страница events.epam.com
2020-11-25 18:53:55,653 INFO t.ViewUpcomingEventsTest [ForkJoinPool-1-worker-3] Открыта страница events.epam.com
2020-11-25 18:53:57,760 INFO t.ViewUpcomingEventsTest [ForkJoinPool-1-worker-15] Открыта страница events.epam.com
2020-11-25 18:53:59,131 INFO t.ViewUpcomingEventsTest [ForkJoinPool-1-worker-9] Открыта страница events.epam.com
2020-11-25 18:54:00,468 INFO t.ViewUpcomingEventsTest [ForkJoinPool-1-worker-7] Открыта страница events.epam.com
2020-11-25 18:54:01,597 INFO t.ViewUpcomingEventsTest [ForkJoinPool-1-worker-13] Открыта страница events.epam.com
2020-11-25 18:54:03,824 INFO t.ViewUpcomingEventsTest [ForkJoinPool-1-worker-13] Переход на вкладку Events https://events.epam.com/events
2020-11-25 18:54:15,143 INFO t.ViewUpcomingEventsTest [ForkJoinPool-1-worker-5] Открыта страница events.epam.com
2020-11-25 18:54:17,010 INFO t.ViewUpcomingEventsTest [ForkJoinPool-1-worker-5] Переход на вкладку Events https://events.epam.com/events
2020-11-25 21:28:55,021 INFO t.ViewUpcomingEventsTest [ForkJoinPool-1-worker-15] Открыта страница events.epam.com
